<?xml version="1.0" encoding="UTF-8"?>
<testng-results skipped="0" failed="0" total="0" passed="0">
  <reporter-output>
  </reporter-output>
  <suite name="WebdriverUniversityFramework" duration-ms="112247" started-at="2019-07-23T23:23:14Z" finished-at="2019-07-23T23:25:06Z">
    <groups>
    </groups>
    <test name="Cucumber Tests" duration-ms="112247" started-at="2019-07-23T23:23:14Z" finished-at="2019-07-23T23:25:06Z">
    </test> <!-- Cucumber Tests -->
  </suite> <!-- WebdriverUniversityFramework -->
</testng-results>
