<?xml version="1.0" encoding="UTF-8"?>
<testng-results skipped="0" failed="0" ignored="0" total="0" passed="0">
  <reporter-output>
  </reporter-output>
  <suite name="WebdriverUniversityFramework.AppTest" duration-ms="8" started-at="2019-07-21T21:05:53Z" finished-at="2019-07-21T21:05:53Z">
    <groups>
    </groups>
    <test name="Command line test" duration-ms="8" started-at="2019-07-21T21:05:53Z" finished-at="2019-07-21T21:05:53Z">
    </test> <!-- Command line test -->
  </suite> <!-- WebdriverUniversityFramework.AppTest -->
</testng-results>
